Traceback (most recent call last):
  File "tools/test.py", line 10, in <module>
    import projects.safety_metrics
ModuleNotFoundError: No module named 'projects'
srun: error: gpu03: task 0: Exited with exit code 1
